2020-04-26 09:16:35.559  INFO 13960 --- [restartedMain] c.y.crm.facebook.admin.AdminApplication  : Starting AdminApplication on DESKTOP-LOUBV7E with PID 13960 (E:\workspase\ideaworkspace\facebook\target\classes started by çˆ¸çˆ¸ in E:\workspase\ideaworkspace\facebook)
2020-04-26 09:16:35.578  INFO 13960 --- [restartedMain] c.y.crm.facebook.admin.AdminApplication  : No active profile set, falling back to default profiles: default
2020-04-26 09:16:35.652  INFO 13960 --- [restartedMain] .e.DevToolsPropertyDefaultsPostProcessor : Devtools property defaults active! Set 'spring.devtools.add-properties' to 'false' to disable
2020-04-26 09:16:35.652  INFO 13960 --- [restartedMain] .e.DevToolsPropertyDefaultsPostProcessor : For additional web related logging consider setting the 'logging.level.web' property to 'DEBUG'
2020-04-26 09:16:36.973  INFO 13960 --- [restartedMain] o.s.b.w.embedded.tomcat.TomcatWebServer  : Tomcat initialized with port(s): 8080 (http)
2020-04-26 09:16:36.985  INFO 13960 --- [restartedMain] o.apache.catalina.core.StandardService   : Starting service [Tomcat]
2020-04-26 09:16:36.985  INFO 13960 --- [restartedMain] org.apache.catalina.core.StandardEngine  : Starting Servlet engine: [Apache Tomcat/9.0.33]
2020-04-26 09:16:37.077  INFO 13960 --- [restartedMain] o.a.c.c.C.[Tomcat].[localhost].[/]       : Initializing Spring embedded WebApplicationContext
2020-04-26 09:16:37.078  INFO 13960 --- [restartedMain] o.s.web.context.ContextLoader            : Root WebApplicationContext: initialization completed in 1426 ms
2020-04-26 09:16:38.981  INFO 13960 --- [restartedMain] com.zaxxer.hikari.HikariDataSource       : HikariPool-1 - Starting...
2020-04-26 09:16:39.506  INFO 13960 --- [restartedMain] com.zaxxer.hikari.HikariDataSource       : HikariPool-1 - Start completed.
2020-04-26 09:16:39.519 DEBUG 13960 --- [restartedMain] c.y.c.f.a.m.SysConfigMapper.selectList   : ==>  Preparing: SELECT id,code,name,value,status,remark,create_time FROM sys_config 
2020-04-26 09:16:39.541 DEBUG 13960 --- [restartedMain] c.y.c.f.a.m.SysConfigMapper.selectList   : ==> Parameters: 
2020-04-26 09:16:39.575 DEBUG 13960 --- [restartedMain] c.y.c.f.a.m.SysConfigMapper.selectList   : <==      Total: 6
2020-04-26 09:16:39.724  INFO 13960 --- [restartedMain] o.s.s.concurrent.ThreadPoolTaskExecutor  : Initializing ExecutorService 'applicationTaskExecutor'
2020-04-26 09:16:39.907  INFO 13960 --- [restartedMain] o.s.b.d.a.OptionalLiveReloadServer       : LiveReload server is running on port 35729
2020-04-26 09:16:39.961  INFO 13960 --- [restartedMain] o.s.b.w.embedded.tomcat.TomcatWebServer  : Tomcat started on port(s): 8080 (http) with context path ''
2020-04-26 09:16:39.964  INFO 13960 --- [restartedMain] c.y.crm.facebook.admin.AdminApplication  : Started AdminApplication in 4.898 seconds (JVM running for 7.361)
2020-04-26 09:16:45.075  INFO 13960 --- [http-nio-8080-exec-2] o.a.c.c.C.[Tomcat].[localhost].[/]       : Initializing Spring DispatcherServlet 'dispatcherServlet'
2020-04-26 09:16:45.075  INFO 13960 --- [http-nio-8080-exec-2] o.s.web.servlet.DispatcherServlet        : Initializing Servlet 'dispatcherServlet'
2020-04-26 09:16:45.082  INFO 13960 --- [http-nio-8080-exec-2] o.s.web.servlet.DispatcherServlet        : Completed initialization in 7 ms
2020-04-26 09:16:45.127 DEBUG 13960 --- [http-nio-8080-exec-1] c.y.c.f.a.m.SysConfigMapper.selectList   : ==>  Preparing: SELECT id,code,name,value,status,remark,create_time FROM sys_config 
2020-04-26 09:16:45.127 DEBUG 13960 --- [http-nio-8080-exec-1] c.y.c.f.a.m.SysConfigMapper.selectList   : ==> Parameters: 
2020-04-26 09:16:45.135 DEBUG 13960 --- [http-nio-8080-exec-1] c.y.c.f.a.m.SysConfigMapper.selectList   : <==      Total: 6
2020-04-26 09:16:45.141 DEBUG 13960 --- [http-nio-8080-exec-2] c.y.c.f.a.m.ArticleMapper.selectPage     : ==>  Preparing: SELECT id,title,cover_picture,summary,content,status,create_time FROM article WHERE (status = ?) ORDER BY create_time DESC 
2020-04-26 09:16:45.142 DEBUG 13960 --- [http-nio-8080-exec-2] c.y.c.f.a.m.ArticleMapper.selectPage     : ==> Parameters: 1(Integer)
2020-04-26 09:16:45.149 DEBUG 13960 --- [http-nio-8080-exec-2] c.y.c.f.a.m.ArticleMapper.selectPage     : <==      Total: 2
2020-04-26 09:18:56.070 DEBUG 13960 --- [http-nio-8080-exec-10] c.y.c.f.a.m.SysConfigMapper.selectList   : ==>  Preparing: SELECT id,code,name,value,status,remark,create_time FROM sys_config 
2020-04-26 09:18:56.070 DEBUG 13960 --- [http-nio-8080-exec-10] c.y.c.f.a.m.SysConfigMapper.selectList   : ==> Parameters: 
2020-04-26 09:18:56.071 DEBUG 13960 --- [http-nio-8080-exec-9] c.y.c.f.a.m.ArticleMapper.selectPage     : ==>  Preparing: SELECT id,title,cover_picture,summary,content,status,create_time FROM article WHERE (status = ?) ORDER BY create_time DESC 
2020-04-26 09:18:56.071 DEBUG 13960 --- [http-nio-8080-exec-9] c.y.c.f.a.m.ArticleMapper.selectPage     : ==> Parameters: 1(Integer)
2020-04-26 09:18:56.081 DEBUG 13960 --- [http-nio-8080-exec-9] c.y.c.f.a.m.ArticleMapper.selectPage     : <==      Total: 2
2020-04-26 09:18:56.083 DEBUG 13960 --- [http-nio-8080-exec-10] c.y.c.f.a.m.SysConfigMapper.selectList   : <==      Total: 6
2020-04-26 09:19:04.216 DEBUG 13960 --- [http-nio-8080-exec-6] c.y.c.f.a.m.SysConfigMapper.selectList   : ==>  Preparing: SELECT id,code,name,value,status,remark,create_time FROM sys_config 
2020-04-26 09:19:04.217 DEBUG 13960 --- [http-nio-8080-exec-6] c.y.c.f.a.m.SysConfigMapper.selectList   : ==> Parameters: 
2020-04-26 09:19:04.217 DEBUG 13960 --- [http-nio-8080-exec-2] c.y.c.f.a.m.ArticleMapper.selectPage     : ==>  Preparing: SELECT id,title,cover_picture,summary,content,status,create_time FROM article WHERE (status = ?) ORDER BY create_time DESC 
2020-04-26 09:19:04.217 DEBUG 13960 --- [http-nio-8080-exec-2] c.y.c.f.a.m.ArticleMapper.selectPage     : ==> Parameters: 1(Integer)
2020-04-26 09:19:04.225 DEBUG 13960 --- [http-nio-8080-exec-2] c.y.c.f.a.m.ArticleMapper.selectPage     : <==      Total: 2
2020-04-26 09:19:04.225 DEBUG 13960 --- [http-nio-8080-exec-6] c.y.c.f.a.m.SysConfigMapper.selectList   : <==      Total: 6
2020-04-26 09:19:08.083 DEBUG 13960 --- [http-nio-8080-exec-3] c.y.c.f.a.m.ArticleMapper.selectPage     : ==>  Preparing: SELECT id,title,cover_picture,summary,content,status,create_time FROM article WHERE (status = ?) ORDER BY create_time DESC 
2020-04-26 09:19:08.083 DEBUG 13960 --- [http-nio-8080-exec-3] c.y.c.f.a.m.ArticleMapper.selectPage     : ==> Parameters: 1(Integer)
2020-04-26 09:19:08.089 DEBUG 13960 --- [http-nio-8080-exec-4] c.y.c.f.a.m.SysConfigMapper.selectList   : ==>  Preparing: SELECT id,code,name,value,status,remark,create_time FROM sys_config 
2020-04-26 09:19:08.090 DEBUG 13960 --- [http-nio-8080-exec-4] c.y.c.f.a.m.SysConfigMapper.selectList   : ==> Parameters: 
2020-04-26 09:19:08.090 DEBUG 13960 --- [http-nio-8080-exec-3] c.y.c.f.a.m.ArticleMapper.selectPage     : <==      Total: 2
2020-04-26 09:19:08.098 DEBUG 13960 --- [http-nio-8080-exec-4] c.y.c.f.a.m.SysConfigMapper.selectList   : <==      Total: 6
2020-04-26 09:19:54.763 DEBUG 13960 --- [http-nio-8080-exec-5] c.y.c.f.a.m.ArticleMapper.selectPage     : ==>  Preparing: SELECT id,title,cover_picture,summary,content,status,create_time FROM article WHERE (status = ?) ORDER BY create_time DESC 
2020-04-26 09:19:54.764 DEBUG 13960 --- [http-nio-8080-exec-5] c.y.c.f.a.m.ArticleMapper.selectPage     : ==> Parameters: 1(Integer)
2020-04-26 09:19:54.764 DEBUG 13960 --- [http-nio-8080-exec-7] c.y.c.f.a.m.SysConfigMapper.selectList   : ==>  Preparing: SELECT id,code,name,value,status,remark,create_time FROM sys_config 
2020-04-26 09:19:54.765 DEBUG 13960 --- [http-nio-8080-exec-7] c.y.c.f.a.m.SysConfigMapper.selectList   : ==> Parameters: 
2020-04-26 09:19:54.772 DEBUG 13960 --- [http-nio-8080-exec-5] c.y.c.f.a.m.ArticleMapper.selectPage     : <==      Total: 2
2020-04-26 09:19:54.773 DEBUG 13960 --- [http-nio-8080-exec-7] c.y.c.f.a.m.SysConfigMapper.selectList   : <==      Total: 6
2020-04-26 09:20:54.538 DEBUG 13960 --- [http-nio-8080-exec-10] c.y.c.f.a.m.SysConfigMapper.selectList   : ==>  Preparing: SELECT id,code,name,value,status,remark,create_time FROM sys_config 
2020-04-26 09:20:54.538 DEBUG 13960 --- [http-nio-8080-exec-10] c.y.c.f.a.m.SysConfigMapper.selectList   : ==> Parameters: 
2020-04-26 09:20:54.538 DEBUG 13960 --- [http-nio-8080-exec-9] c.y.c.f.a.m.ArticleMapper.selectPage     : ==>  Preparing: SELECT id,title,cover_picture,summary,content,status,create_time FROM article WHERE (status = ?) ORDER BY create_time DESC 
2020-04-26 09:20:54.539 DEBUG 13960 --- [http-nio-8080-exec-9] c.y.c.f.a.m.ArticleMapper.selectPage     : ==> Parameters: 1(Integer)
2020-04-26 09:20:54.545 DEBUG 13960 --- [http-nio-8080-exec-10] c.y.c.f.a.m.SysConfigMapper.selectList   : <==      Total: 6
2020-04-26 09:20:54.546 DEBUG 13960 --- [http-nio-8080-exec-9] c.y.c.f.a.m.ArticleMapper.selectPage     : <==      Total: 2
2020-04-26 09:20:54.769 DEBUG 13960 --- [http-nio-8080-exec-1] c.y.c.f.a.m.SysConfigMapper.selectList   : ==>  Preparing: SELECT id,code,name,value,status,remark,create_time FROM sys_config 
2020-04-26 09:20:54.770 DEBUG 13960 --- [http-nio-8080-exec-1] c.y.c.f.a.m.SysConfigMapper.selectList   : ==> Parameters: 
2020-04-26 09:20:54.770 DEBUG 13960 --- [http-nio-8080-exec-6] c.y.c.f.a.m.ArticleMapper.selectPage     : ==>  Preparing: SELECT id,title,cover_picture,summary,content,status,create_time FROM article WHERE (status = ?) ORDER BY create_time DESC 
2020-04-26 09:20:54.771 DEBUG 13960 --- [http-nio-8080-exec-6] c.y.c.f.a.m.ArticleMapper.selectPage     : ==> Parameters: 1(Integer)
2020-04-26 09:20:54.777 DEBUG 13960 --- [http-nio-8080-exec-1] c.y.c.f.a.m.SysConfigMapper.selectList   : <==      Total: 6
2020-04-26 09:20:54.778 DEBUG 13960 --- [http-nio-8080-exec-6] c.y.c.f.a.m.ArticleMapper.selectPage     : <==      Total: 2
2020-04-26 09:20:55.628 DEBUG 13960 --- [http-nio-8080-exec-3] c.y.c.f.a.m.SysConfigMapper.selectList   : ==>  Preparing: SELECT id,code,name,value,status,remark,create_time FROM sys_config 
2020-04-26 09:20:55.630 DEBUG 13960 --- [http-nio-8080-exec-2] c.y.c.f.a.m.ArticleMapper.selectPage     : ==>  Preparing: SELECT id,title,cover_picture,summary,content,status,create_time FROM article WHERE (status = ?) ORDER BY create_time DESC 
2020-04-26 09:20:55.631 DEBUG 13960 --- [http-nio-8080-exec-3] c.y.c.f.a.m.SysConfigMapper.selectList   : ==> Parameters: 
2020-04-26 09:20:55.632 DEBUG 13960 --- [http-nio-8080-exec-2] c.y.c.f.a.m.ArticleMapper.selectPage     : ==> Parameters: 1(Integer)
2020-04-26 09:20:55.643 DEBUG 13960 --- [http-nio-8080-exec-3] c.y.c.f.a.m.SysConfigMapper.selectList   : <==      Total: 6
2020-04-26 09:20:55.646 DEBUG 13960 --- [http-nio-8080-exec-2] c.y.c.f.a.m.ArticleMapper.selectPage     : <==      Total: 2
2020-04-26 09:21:41.042 DEBUG 13960 --- [http-nio-8080-exec-8] c.y.c.f.a.m.SysConfigMapper.selectList   : ==>  Preparing: SELECT id,code,name,value,status,remark,create_time FROM sys_config 
2020-04-26 09:21:41.043 DEBUG 13960 --- [http-nio-8080-exec-8] c.y.c.f.a.m.SysConfigMapper.selectList   : ==> Parameters: 
2020-04-26 09:21:41.046 DEBUG 13960 --- [http-nio-8080-exec-7] c.y.c.f.a.m.ArticleMapper.selectPage     : ==>  Preparing: SELECT id,title,cover_picture,summary,content,status,create_time FROM article WHERE (status = ?) ORDER BY create_time DESC 
2020-04-26 09:21:41.048 DEBUG 13960 --- [http-nio-8080-exec-7] c.y.c.f.a.m.ArticleMapper.selectPage     : ==> Parameters: 1(Integer)
2020-04-26 09:21:41.052 DEBUG 13960 --- [http-nio-8080-exec-8] c.y.c.f.a.m.SysConfigMapper.selectList   : <==      Total: 6
2020-04-26 09:21:41.058 DEBUG 13960 --- [http-nio-8080-exec-7] c.y.c.f.a.m.ArticleMapper.selectPage     : <==      Total: 2
2020-04-26 09:23:45.483 DEBUG 13960 --- [http-nio-8080-exec-1] c.y.c.f.a.m.ArticleMapper.selectPage     : ==>  Preparing: SELECT id,title,cover_picture,summary,content,status,create_time FROM article WHERE (status = ?) ORDER BY create_time DESC 
2020-04-26 09:23:45.484 DEBUG 13960 --- [http-nio-8080-exec-1] c.y.c.f.a.m.ArticleMapper.selectPage     : ==> Parameters: 1(Integer)
2020-04-26 09:23:45.485 DEBUG 13960 --- [http-nio-8080-exec-6] c.y.c.f.a.m.SysConfigMapper.selectList   : ==>  Preparing: SELECT id,code,name,value,status,remark,create_time FROM sys_config 
2020-04-26 09:23:45.485 DEBUG 13960 --- [http-nio-8080-exec-6] c.y.c.f.a.m.SysConfigMapper.selectList   : ==> Parameters: 
2020-04-26 09:23:45.491 DEBUG 13960 --- [http-nio-8080-exec-1] c.y.c.f.a.m.ArticleMapper.selectPage     : <==      Total: 2
2020-04-26 09:23:45.493 DEBUG 13960 --- [http-nio-8080-exec-6] c.y.c.f.a.m.SysConfigMapper.selectList   : <==      Total: 6
2020-04-26 09:23:54.177 DEBUG 13960 --- [http-nio-8080-exec-8] c.y.c.f.a.m.ArticleMapper.selectPage     : ==>  Preparing: SELECT id,title,cover_picture,summary,content,status,create_time FROM article WHERE (status = ?) ORDER BY create_time DESC 
2020-04-26 09:23:54.177 DEBUG 13960 --- [http-nio-8080-exec-8] c.y.c.f.a.m.ArticleMapper.selectPage     : ==> Parameters: 1(Integer)
2020-04-26 09:23:54.178 DEBUG 13960 --- [http-nio-8080-exec-7] c.y.c.f.a.m.SysConfigMapper.selectList   : ==>  Preparing: SELECT id,code,name,value,status,remark,create_time FROM sys_config 
2020-04-26 09:23:54.178 DEBUG 13960 --- [http-nio-8080-exec-7] c.y.c.f.a.m.SysConfigMapper.selectList   : ==> Parameters: 
2020-04-26 09:23:54.183 DEBUG 13960 --- [http-nio-8080-exec-8] c.y.c.f.a.m.ArticleMapper.selectPage     : <==      Total: 2
2020-04-26 09:23:54.186 DEBUG 13960 --- [http-nio-8080-exec-7] c.y.c.f.a.m.SysConfigMapper.selectList   : <==      Total: 6
2020-04-26 09:24:58.876 DEBUG 13960 --- [http-nio-8080-exec-3] c.y.c.f.a.m.ArticleMapper.selectPage     : ==>  Preparing: SELECT id,title,cover_picture,summary,content,status,create_time FROM article WHERE (status = ?) ORDER BY create_time DESC 
2020-04-26 09:24:58.877 DEBUG 13960 --- [http-nio-8080-exec-2] c.y.c.f.a.m.SysConfigMapper.selectList   : ==>  Preparing: SELECT id,code,name,value,status,remark,create_time FROM sys_config 
2020-04-26 09:24:58.877 DEBUG 13960 --- [http-nio-8080-exec-3] c.y.c.f.a.m.ArticleMapper.selectPage     : ==> Parameters: 1(Integer)
2020-04-26 09:24:58.878 DEBUG 13960 --- [http-nio-8080-exec-2] c.y.c.f.a.m.SysConfigMapper.selectList   : ==> Parameters: 
2020-04-26 09:24:58.887 DEBUG 13960 --- [http-nio-8080-exec-3] c.y.c.f.a.m.ArticleMapper.selectPage     : <==      Total: 2
2020-04-26 09:24:58.887 DEBUG 13960 --- [http-nio-8080-exec-2] c.y.c.f.a.m.SysConfigMapper.selectList   : <==      Total: 6
2020-04-26 09:26:44.388 DEBUG 13960 --- [http-nio-8080-exec-4] c.y.c.f.a.m.ArticleMapper.selectPage     : ==>  Preparing: SELECT id,title,cover_picture,summary,content,status,create_time FROM article WHERE (status = ?) ORDER BY create_time DESC 
2020-04-26 09:26:44.389 DEBUG 13960 --- [http-nio-8080-exec-4] c.y.c.f.a.m.ArticleMapper.selectPage     : ==> Parameters: 1(Integer)
2020-04-26 09:26:44.389 DEBUG 13960 --- [http-nio-8080-exec-5] c.y.c.f.a.m.SysConfigMapper.selectList   : ==>  Preparing: SELECT id,code,name,value,status,remark,create_time FROM sys_config 
2020-04-26 09:26:44.389 DEBUG 13960 --- [http-nio-8080-exec-5] c.y.c.f.a.m.SysConfigMapper.selectList   : ==> Parameters: 
2020-04-26 09:26:44.396 DEBUG 13960 --- [http-nio-8080-exec-4] c.y.c.f.a.m.ArticleMapper.selectPage     : <==      Total: 2
2020-04-26 09:26:44.396 DEBUG 13960 --- [http-nio-8080-exec-5] c.y.c.f.a.m.SysConfigMapper.selectList   : <==      Total: 6
2020-04-26 09:28:03.553 DEBUG 13960 --- [http-nio-8080-exec-9] c.y.c.f.a.m.ArticleMapper.selectPage     : ==>  Preparing: SELECT id,title,cover_picture,summary,content,status,create_time FROM article WHERE (status = ?) ORDER BY create_time DESC 
2020-04-26 09:28:03.554 DEBUG 13960 --- [http-nio-8080-exec-6] c.y.c.f.a.m.SysConfigMapper.selectList   : ==>  Preparing: SELECT id,code,name,value,status,remark,create_time FROM sys_config 
2020-04-26 09:28:03.554 DEBUG 13960 --- [http-nio-8080-exec-9] c.y.c.f.a.m.ArticleMapper.selectPage     : ==> Parameters: 1(Integer)
2020-04-26 09:28:03.554 DEBUG 13960 --- [http-nio-8080-exec-6] c.y.c.f.a.m.SysConfigMapper.selectList   : ==> Parameters: 
2020-04-26 09:28:03.561 DEBUG 13960 --- [http-nio-8080-exec-9] c.y.c.f.a.m.ArticleMapper.selectPage     : <==      Total: 2
2020-04-26 09:28:03.562 DEBUG 13960 --- [http-nio-8080-exec-6] c.y.c.f.a.m.SysConfigMapper.selectList   : <==      Total: 6
2020-04-26 09:28:56.296 DEBUG 13960 --- [http-nio-8080-exec-5] c.y.c.f.a.m.SysConfigMapper.selectList   : ==>  Preparing: SELECT id,code,name,value,status,remark,create_time FROM sys_config 
2020-04-26 09:28:56.296 DEBUG 13960 --- [http-nio-8080-exec-5] c.y.c.f.a.m.SysConfigMapper.selectList   : ==> Parameters: 
2020-04-26 09:28:56.305 DEBUG 13960 --- [http-nio-8080-exec-5] c.y.c.f.a.m.SysConfigMapper.selectList   : <==      Total: 6
2020-04-26 09:28:56.305  WARN 13960 --- [http-nio-8080-exec-4] .w.s.m.s.DefaultHandlerExceptionResolver : Resolved [org.springframework.web.method.annotation.MethodArgumentTypeMismatchException: Failed to convert value of type 'java.lang.String' to required type 'java.lang.Integer'; nested exception is java.lang.NumberFormatException: For input string: "undefined"]
2020-04-26 09:29:23.713  WARN 13960 --- [http-nio-8080-exec-10] .w.s.m.s.DefaultHandlerExceptionResolver : Resolved [org.springframework.web.method.annotation.MethodArgumentTypeMismatchException: Failed to convert value of type 'java.lang.String' to required type 'java.lang.Integer'; nested exception is java.lang.NumberFormatException: For input string: "undefined"]
2020-04-26 09:29:23.719 DEBUG 13960 --- [http-nio-8080-exec-1] c.y.c.f.a.m.SysConfigMapper.selectList   : ==>  Preparing: SELECT id,code,name,value,status,remark,create_time FROM sys_config 
2020-04-26 09:29:23.719 DEBUG 13960 --- [http-nio-8080-exec-1] c.y.c.f.a.m.SysConfigMapper.selectList   : ==> Parameters: 
2020-04-26 09:29:23.727 DEBUG 13960 --- [http-nio-8080-exec-1] c.y.c.f.a.m.SysConfigMapper.selectList   : <==      Total: 6
2020-04-26 09:29:43.360 DEBUG 13960 --- [http-nio-8080-exec-6] c.y.c.f.a.m.SysConfigMapper.selectList   : ==>  Preparing: SELECT id,code,name,value,status,remark,create_time FROM sys_config 
2020-04-26 09:29:43.360 DEBUG 13960 --- [http-nio-8080-exec-9] c.y.c.f.a.m.ArticleMapper.selectById     : ==>  Preparing: SELECT id,title,cover_picture,summary,content,status,create_time FROM article WHERE id=? 
2020-04-26 09:29:43.361 DEBUG 13960 --- [http-nio-8080-exec-6] c.y.c.f.a.m.SysConfigMapper.selectList   : ==> Parameters: 
2020-04-26 09:29:43.361 DEBUG 13960 --- [http-nio-8080-exec-9] c.y.c.f.a.m.ArticleMapper.selectById     : ==> Parameters: 5(Integer)
2020-04-26 09:29:43.371 DEBUG 13960 --- [http-nio-8080-exec-9] c.y.c.f.a.m.ArticleMapper.selectById     : <==      Total: 1
2020-04-26 09:29:43.372 DEBUG 13960 --- [http-nio-8080-exec-6] c.y.c.f.a.m.SysConfigMapper.selectList   : <==      Total: 6
2020-04-26 09:34:41.942 DEBUG 13960 --- [http-nio-8080-exec-2] c.y.c.f.a.m.ArticleMapper.selectById     : ==>  Preparing: SELECT id,title,cover_picture,summary,content,status,create_time FROM article WHERE id=? 
2020-04-26 09:34:41.944 DEBUG 13960 --- [http-nio-8080-exec-2] c.y.c.f.a.m.ArticleMapper.selectById     : ==> Parameters: 5(Integer)
2020-04-26 09:34:41.945 DEBUG 13960 --- [http-nio-8080-exec-3] c.y.c.f.a.m.SysConfigMapper.selectList   : ==>  Preparing: SELECT id,code,name,value,status,remark,create_time FROM sys_config 
2020-04-26 09:34:41.945 DEBUG 13960 --- [http-nio-8080-exec-3] c.y.c.f.a.m.SysConfigMapper.selectList   : ==> Parameters: 
2020-04-26 09:34:41.954 DEBUG 13960 --- [http-nio-8080-exec-3] c.y.c.f.a.m.SysConfigMapper.selectList   : <==      Total: 6
2020-04-26 09:34:41.954 DEBUG 13960 --- [http-nio-8080-exec-2] c.y.c.f.a.m.ArticleMapper.selectById     : <==      Total: 1
2020-04-26 09:35:12.287 DEBUG 13960 --- [http-nio-8080-exec-5] c.y.c.f.a.m.ArticleMapper.selectById     : ==>  Preparing: SELECT id,title,cover_picture,summary,content,status,create_time FROM article WHERE id=? 
2020-04-26 09:35:12.289 DEBUG 13960 --- [http-nio-8080-exec-5] c.y.c.f.a.m.ArticleMapper.selectById     : ==> Parameters: 5(Integer)
2020-04-26 09:35:12.289 DEBUG 13960 --- [http-nio-8080-exec-4] c.y.c.f.a.m.SysConfigMapper.selectList   : ==>  Preparing: SELECT id,code,name,value,status,remark,create_time FROM sys_config 
2020-04-26 09:35:12.290 DEBUG 13960 --- [http-nio-8080-exec-4] c.y.c.f.a.m.SysConfigMapper.selectList   : ==> Parameters: 
2020-04-26 09:35:12.297 DEBUG 13960 --- [http-nio-8080-exec-5] c.y.c.f.a.m.ArticleMapper.selectById     : <==      Total: 1
2020-04-26 09:35:12.302 DEBUG 13960 --- [http-nio-8080-exec-4] c.y.c.f.a.m.SysConfigMapper.selectList   : <==      Total: 6
2020-04-26 09:36:15.179 DEBUG 13960 --- [http-nio-8080-exec-8] c.y.c.f.a.m.ArticleMapper.selectById     : ==>  Preparing: SELECT id,title,cover_picture,summary,content,status,create_time FROM article WHERE id=? 
2020-04-26 09:36:15.179 DEBUG 13960 --- [http-nio-8080-exec-8] c.y.c.f.a.m.ArticleMapper.selectById     : ==> Parameters: 5(Integer)
2020-04-26 09:36:15.185 DEBUG 13960 --- [http-nio-8080-exec-8] c.y.c.f.a.m.ArticleMapper.selectById     : <==      Total: 1
2020-04-26 09:36:15.187 DEBUG 13960 --- [http-nio-8080-exec-7] c.y.c.f.a.m.SysConfigMapper.selectList   : ==>  Preparing: SELECT id,code,name,value,status,remark,create_time FROM sys_config 
2020-04-26 09:36:15.187 DEBUG 13960 --- [http-nio-8080-exec-7] c.y.c.f.a.m.SysConfigMapper.selectList   : ==> Parameters: 
2020-04-26 09:36:15.196 DEBUG 13960 --- [http-nio-8080-exec-7] c.y.c.f.a.m.SysConfigMapper.selectList   : <==      Total: 6
2020-04-26 09:36:39.640 DEBUG 13960 --- [http-nio-8080-exec-10] c.y.c.f.a.m.ArticleMapper.selectById     : ==>  Preparing: SELECT id,title,cover_picture,summary,content,status,create_time FROM article WHERE id=? 
2020-04-26 09:36:39.640 DEBUG 13960 --- [http-nio-8080-exec-10] c.y.c.f.a.m.ArticleMapper.selectById     : ==> Parameters: 5(Integer)
2020-04-26 09:36:39.641 DEBUG 13960 --- [http-nio-8080-exec-1] c.y.c.f.a.m.SysConfigMapper.selectList   : ==>  Preparing: SELECT id,code,name,value,status,remark,create_time FROM sys_config 
2020-04-26 09:36:39.642 DEBUG 13960 --- [http-nio-8080-exec-1] c.y.c.f.a.m.SysConfigMapper.selectList   : ==> Parameters: 
2020-04-26 09:36:39.647 DEBUG 13960 --- [http-nio-8080-exec-10] c.y.c.f.a.m.ArticleMapper.selectById     : <==      Total: 1
2020-04-26 09:36:39.650 DEBUG 13960 --- [http-nio-8080-exec-1] c.y.c.f.a.m.SysConfigMapper.selectList   : <==      Total: 6
2020-04-26 09:36:50.829 DEBUG 13960 --- [http-nio-8080-exec-2] c.y.c.f.a.m.SysConfigMapper.selectList   : ==>  Preparing: SELECT id,code,name,value,status,remark,create_time FROM sys_config 
2020-04-26 09:36:50.829 DEBUG 13960 --- [http-nio-8080-exec-3] c.y.c.f.a.m.ArticleMapper.selectPage     : ==>  Preparing: SELECT id,title,cover_picture,summary,content,status,create_time FROM article WHERE (status = ?) ORDER BY create_time DESC 
2020-04-26 09:36:50.829 DEBUG 13960 --- [http-nio-8080-exec-2] c.y.c.f.a.m.SysConfigMapper.selectList   : ==> Parameters: 
2020-04-26 09:36:50.829 DEBUG 13960 --- [http-nio-8080-exec-3] c.y.c.f.a.m.ArticleMapper.selectPage     : ==> Parameters: 1(Integer)
2020-04-26 09:36:50.837 DEBUG 13960 --- [http-nio-8080-exec-3] c.y.c.f.a.m.ArticleMapper.selectPage     : <==      Total: 2
2020-04-26 09:36:50.839 DEBUG 13960 --- [http-nio-8080-exec-2] c.y.c.f.a.m.SysConfigMapper.selectList   : <==      Total: 6
2020-04-26 09:36:52.716 DEBUG 13960 --- [http-nio-8080-exec-8] c.y.c.f.a.m.ArticleMapper.selectById     : ==>  Preparing: SELECT id,title,cover_picture,summary,content,status,create_time FROM article WHERE id=? 
2020-04-26 09:36:52.716 DEBUG 13960 --- [http-nio-8080-exec-8] c.y.c.f.a.m.ArticleMapper.selectById     : ==> Parameters: 2(Integer)
2020-04-26 09:36:52.717 DEBUG 13960 --- [http-nio-8080-exec-7] c.y.c.f.a.m.SysConfigMapper.selectList   : ==>  Preparing: SELECT id,code,name,value,status,remark,create_time FROM sys_config 
2020-04-26 09:36:52.717 DEBUG 13960 --- [http-nio-8080-exec-7] c.y.c.f.a.m.SysConfigMapper.selectList   : ==> Parameters: 
2020-04-26 09:36:52.723 DEBUG 13960 --- [http-nio-8080-exec-8] c.y.c.f.a.m.ArticleMapper.selectById     : <==      Total: 1
2020-04-26 09:36:52.726 DEBUG 13960 --- [http-nio-8080-exec-7] c.y.c.f.a.m.SysConfigMapper.selectList   : <==      Total: 6
2020-04-26 09:36:55.916 DEBUG 13960 --- [http-nio-8080-exec-1] c.y.c.f.a.m.SysConfigMapper.selectList   : ==>  Preparing: SELECT id,code,name,value,status,remark,create_time FROM sys_config 
2020-04-26 09:36:55.917 DEBUG 13960 --- [http-nio-8080-exec-1] c.y.c.f.a.m.SysConfigMapper.selectList   : ==> Parameters: 
2020-04-26 09:36:55.920 DEBUG 13960 --- [http-nio-8080-exec-10] c.y.c.f.a.m.ArticleMapper.selectPage     : ==>  Preparing: SELECT id,title,cover_picture,summary,content,status,create_time FROM article WHERE (status = ?) ORDER BY create_time DESC 
2020-04-26 09:36:55.921 DEBUG 13960 --- [http-nio-8080-exec-10] c.y.c.f.a.m.ArticleMapper.selectPage     : ==> Parameters: 1(Integer)
2020-04-26 09:36:55.928 DEBUG 13960 --- [http-nio-8080-exec-1] c.y.c.f.a.m.SysConfigMapper.selectList   : <==      Total: 6
2020-04-26 09:36:55.929 DEBUG 13960 --- [http-nio-8080-exec-10] c.y.c.f.a.m.ArticleMapper.selectPage     : <==      Total: 2
2020-04-26 09:39:27.632  INFO 13960 --- [Thread-15] o.s.s.concurrent.ThreadPoolTaskExecutor  : Shutting down ExecutorService 'applicationTaskExecutor'
2020-04-26 09:39:27.633  INFO 13960 --- [Thread-15] com.zaxxer.hikari.HikariDataSource       : HikariPool-1 - Shutdown initiated...
2020-04-26 09:39:27.668  INFO 13960 --- [Thread-15] com.zaxxer.hikari.HikariDataSource       : HikariPool-1 - Shutdown completed.
2020-04-26 09:39:38.824  INFO 13960 --- [restartedMain] c.y.crm.facebook.admin.AdminApplication  : Starting AdminApplication on DESKTOP-LOUBV7E with PID 13960 (E:\workspase\ideaworkspace\facebook\target\classes started by çˆ¸çˆ¸ in E:\workspase\ideaworkspace\facebook)
2020-04-26 09:39:38.824  INFO 13960 --- [restartedMain] c.y.crm.facebook.admin.AdminApplication  : No active profile set, falling back to default profiles: default
2020-04-26 09:39:39.142  WARN 13960 --- [restartedMain] o.m.s.mapper.ClassPathMapperScanner      : No MyBatis mapper was found in '[com.yhnet.crm.facebook.admin.mapper]' package. Please check your configuration.
2020-04-26 09:39:39.247  INFO 13960 --- [restartedMain] o.s.b.w.embedded.tomcat.TomcatWebServer  : Tomcat initialized with port(s): 8080 (http)
2020-04-26 09:39:39.248  INFO 13960 --- [restartedMain] o.apache.catalina.core.StandardService   : Starting service [Tomcat]
2020-04-26 09:39:39.248  INFO 13960 --- [restartedMain] org.apache.catalina.core.StandardEngine  : Starting Servlet engine: [Apache Tomcat/9.0.33]
2020-04-26 09:39:39.278  INFO 13960 --- [restartedMain] o.a.c.c.C.[Tomcat-1].[localhost].[/]     : Initializing Spring embedded WebApplicationContext
2020-04-26 09:39:39.279  INFO 13960 --- [restartedMain] o.s.web.context.ContextLoader            : Root WebApplicationContext: initialization completed in 449 ms
2020-04-26 09:39:39.364  INFO 13960 --- [restartedMain] o.s.s.concurrent.ThreadPoolTaskExecutor  : Initializing ExecutorService 'applicationTaskExecutor'
2020-04-26 09:39:40.596  INFO 13960 --- [restartedMain] o.s.b.d.a.OptionalLiveReloadServer       : LiveReload server is running on port 35729
2020-04-26 09:39:40.618  INFO 13960 --- [restartedMain] o.s.b.w.embedded.tomcat.TomcatWebServer  : Tomcat started on port(s): 8080 (http) with context path ''
2020-04-26 09:39:40.620  INFO 13960 --- [restartedMain] c.y.crm.facebook.admin.AdminApplication  : Started AdminApplication in 1.854 seconds (JVM running for 1388.017)
2020-04-26 09:39:40.624  INFO 13960 --- [restartedMain] .ConditionEvaluationDeltaLoggingListener : Condition evaluation unchanged
2020-04-26 09:39:43.468  INFO 13960 --- [Thread-22] o.s.s.concurrent.ThreadPoolTaskExecutor  : Shutting down ExecutorService 'applicationTaskExecutor'
2020-04-26 09:39:45.320  INFO 13960 --- [restartedMain] c.y.crm.facebook.admin.AdminApplication  : Starting AdminApplication on DESKTOP-LOUBV7E with PID 13960 (E:\workspase\ideaworkspace\facebook\target\classes started by çˆ¸çˆ¸ in E:\workspase\ideaworkspace\facebook)
2020-04-26 09:39:45.320  INFO 13960 --- [restartedMain] c.y.crm.facebook.admin.AdminApplication  : No active profile set, falling back to default profiles: default
2020-04-26 09:39:45.823  INFO 13960 --- [restartedMain] o.s.b.w.embedded.tomcat.TomcatWebServer  : Tomcat initialized with port(s): 8080 (http)
2020-04-26 09:39:45.823  INFO 13960 --- [restartedMain] o.apache.catalina.core.StandardService   : Starting service [Tomcat]
2020-04-26 09:39:45.823  INFO 13960 --- [restartedMain] org.apache.catalina.core.StandardEngine  : Starting Servlet engine: [Apache Tomcat/9.0.33]
2020-04-26 09:39:45.850  INFO 13960 --- [restartedMain] o.a.c.c.C.[Tomcat-1].[localhost].[/]     : Initializing Spring embedded WebApplicationContext
2020-04-26 09:39:45.850  INFO 13960 --- [restartedMain] o.s.web.context.ContextLoader            : Root WebApplicationContext: initialization completed in 521 ms
2020-04-26 09:39:46.796  INFO 13960 --- [restartedMain] com.zaxxer.hikari.HikariDataSource       : HikariPool-2 - Starting...
2020-04-26 09:39:46.867  INFO 13960 --- [restartedMain] com.zaxxer.hikari.HikariDataSource       : HikariPool-2 - Start completed.
2020-04-26 09:39:46.867 DEBUG 13960 --- [restartedMain] c.y.c.f.a.m.SysConfigMapper.selectList   : ==>  Preparing: SELECT id,code,name,value,status,remark,create_time FROM sys_config 
2020-04-26 09:39:46.867 DEBUG 13960 --- [restartedMain] c.y.c.f.a.m.SysConfigMapper.selectList   : ==> Parameters: 
2020-04-26 09:39:46.874 DEBUG 13960 --- [restartedMain] c.y.c.f.a.m.SysConfigMapper.selectList   : <==      Total: 6
2020-04-26 09:39:46.942  INFO 13960 --- [restartedMain] o.s.s.concurrent.ThreadPoolTaskExecutor  : Initializing ExecutorService 'applicationTaskExecutor'
2020-04-26 09:39:47.012  INFO 13960 --- [restartedMain] o.s.b.d.a.OptionalLiveReloadServer       : LiveReload server is running on port 35729
2020-04-26 09:39:47.030  INFO 13960 --- [restartedMain] o.s.b.w.embedded.tomcat.TomcatWebServer  : Tomcat started on port(s): 8080 (http) with context path ''
2020-04-26 09:39:47.030  INFO 13960 --- [restartedMain] c.y.crm.facebook.admin.AdminApplication  : Started AdminApplication in 1.782 seconds (JVM running for 1394.427)
2020-04-26 09:39:47.031  INFO 13960 --- [restartedMain] .ConditionEvaluationDeltaLoggingListener : Condition evaluation unchanged
2020-04-26 09:39:51.944  INFO 4016 --- [main] c.y.c.f.admin.AdminApplicationTests      : Starting AdminApplicationTests on DESKTOP-LOUBV7E with PID 4016 (started by °Ö°Ö in E:\workspase\ideaworkspace\facebook)
2020-04-26 09:39:51.946  INFO 4016 --- [main] c.y.c.f.admin.AdminApplicationTests      : No active profile set, falling back to default profiles: default
2020-04-26 09:39:55.996  INFO 4016 --- [main] com.zaxxer.hikari.HikariDataSource       : HikariPool-1 - Starting...
2020-04-26 09:39:56.318  INFO 4016 --- [main] com.zaxxer.hikari.HikariDataSource       : HikariPool-1 - Start completed.
2020-04-26 09:39:56.329 DEBUG 4016 --- [main] c.y.c.f.a.m.SysConfigMapper.selectList   : ==>  Preparing: SELECT id,code,name,value,status,remark,create_time FROM sys_config 
2020-04-26 09:39:56.370 DEBUG 4016 --- [main] c.y.c.f.a.m.SysConfigMapper.selectList   : ==> Parameters: 
2020-04-26 09:39:56.425 DEBUG 4016 --- [main] c.y.c.f.a.m.SysConfigMapper.selectList   : <==      Total: 6
2020-04-26 09:39:57.219  INFO 4016 --- [main] o.s.s.concurrent.ThreadPoolTaskExecutor  : Initializing ExecutorService 'applicationTaskExecutor'
2020-04-26 09:39:57.720  INFO 4016 --- [main] c.y.c.f.admin.AdminApplicationTests      : Started AdminApplicationTests in 6.298 seconds (JVM running for 7.706)
2020-04-26 09:39:58.158  INFO 4016 --- [SpringContextShutdownHook] o.s.s.concurrent.ThreadPoolTaskExecutor  : Shutting down ExecutorService 'applicationTaskExecutor'
2020-04-26 09:39:58.163  INFO 4016 --- [SpringContextShutdownHook] com.zaxxer.hikari.HikariDataSource       : HikariPool-1 - Shutdown initiated...
2020-04-26 09:39:58.187  INFO 4016 --- [SpringContextShutdownHook] com.zaxxer.hikari.HikariDataSource       : HikariPool-1 - Shutdown completed.
2020-04-26 09:40:14.346  INFO 13960 --- [http-nio-8080-exec-1] o.a.c.c.C.[Tomcat-1].[localhost].[/]     : Initializing Spring DispatcherServlet 'dispatcherServlet'
2020-04-26 09:40:14.347  INFO 13960 --- [http-nio-8080-exec-1] o.s.web.servlet.DispatcherServlet        : Initializing Servlet 'dispatcherServlet'
2020-04-26 09:40:14.351  INFO 13960 --- [http-nio-8080-exec-1] o.s.web.servlet.DispatcherServlet        : Completed initialization in 4 ms
2020-04-26 09:40:14.367 DEBUG 13960 --- [http-nio-8080-exec-1] c.y.c.f.a.m.ArticleMapper.selectPage     : ==>  Preparing: SELECT id,title,cover_picture,summary,content,status,create_time FROM article WHERE (status = ?) ORDER BY create_time DESC 
2020-04-26 09:40:14.368 DEBUG 13960 --- [http-nio-8080-exec-1] c.y.c.f.a.m.ArticleMapper.selectPage     : ==> Parameters: 1(Integer)
2020-04-26 09:40:14.376 DEBUG 13960 --- [http-nio-8080-exec-1] c.y.c.f.a.m.ArticleMapper.selectPage     : <==      Total: 2
2020-04-26 09:40:15.132  INFO 13960 --- [SpringContextShutdownHook] o.s.s.concurrent.ThreadPoolTaskExecutor  : Shutting down ExecutorService 'applicationTaskExecutor'
2020-04-26 09:40:15.132  INFO 13960 --- [SpringContextShutdownHook] com.zaxxer.hikari.HikariDataSource       : HikariPool-2 - Shutdown initiated...
2020-04-26 09:40:15.137  INFO 13960 --- [SpringContextShutdownHook] com.zaxxer.hikari.HikariDataSource       : HikariPool-2 - Shutdown completed.
2020-04-26 09:40:25.046  INFO 11592 --- [restartedMain] c.y.crm.facebook.admin.AdminApplication  : Starting AdminApplication on DESKTOP-LOUBV7E with PID 11592 (E:\workspase\ideaworkspace\facebook\target\classes started by çˆ¸çˆ¸ in E:\workspase\ideaworkspace\facebook)
2020-04-26 09:40:25.051  INFO 11592 --- [restartedMain] c.y.crm.facebook.admin.AdminApplication  : No active profile set, falling back to default profiles: default
2020-04-26 09:40:25.162  INFO 11592 --- [restartedMain] .e.DevToolsPropertyDefaultsPostProcessor : Devtools property defaults active! Set 'spring.devtools.add-properties' to 'false' to disable
2020-04-26 09:40:25.162  INFO 11592 --- [restartedMain] .e.DevToolsPropertyDefaultsPostProcessor : For additional web related logging consider setting the 'logging.level.web' property to 'DEBUG'
2020-04-26 09:40:26.916  INFO 11592 --- [restartedMain] o.s.b.w.embedded.tomcat.TomcatWebServer  : Tomcat initialized with port(s): 8080 (http)
2020-04-26 09:40:26.929  INFO 11592 --- [restartedMain] o.apache.catalina.core.StandardService   : Starting service [Tomcat]
2020-04-26 09:40:26.929  INFO 11592 --- [restartedMain] org.apache.catalina.core.StandardEngine  : Starting Servlet engine: [Apache Tomcat/9.0.33]
2020-04-26 09:40:27.053  INFO 11592 --- [restartedMain] o.a.c.c.C.[Tomcat].[localhost].[/]       : Initializing Spring embedded WebApplicationContext
2020-04-26 09:40:27.053  INFO 11592 --- [restartedMain] o.s.web.context.ContextLoader            : Root WebApplicationContext: initialization completed in 1891 ms
2020-04-26 09:40:29.101  INFO 11592 --- [restartedMain] com.zaxxer.hikari.HikariDataSource       : HikariPool-1 - Starting...
2020-04-26 09:40:29.284  INFO 11592 --- [restartedMain] com.zaxxer.hikari.HikariDataSource       : HikariPool-1 - Start completed.
2020-04-26 09:40:29.290 DEBUG 11592 --- [restartedMain] c.y.c.f.a.m.SysConfigMapper.selectList   : ==>  Preparing: SELECT id,code,name,value,status,remark,create_time FROM sys_config 
2020-04-26 09:40:29.309 DEBUG 11592 --- [restartedMain] c.y.c.f.a.m.SysConfigMapper.selectList   : ==> Parameters: 
2020-04-26 09:40:29.342 DEBUG 11592 --- [restartedMain] c.y.c.f.a.m.SysConfigMapper.selectList   : <==      Total: 6
2020-04-26 09:40:29.507  INFO 11592 --- [restartedMain] o.s.s.concurrent.ThreadPoolTaskExecutor  : Initializing ExecutorService 'applicationTaskExecutor'
2020-04-26 09:40:29.696  INFO 11592 --- [restartedMain] o.s.b.d.a.OptionalLiveReloadServer       : LiveReload server is running on port 35729
2020-04-26 09:40:29.756  INFO 11592 --- [restartedMain] o.s.b.w.embedded.tomcat.TomcatWebServer  : Tomcat started on port(s): 8080 (http) with context path ''
2020-04-26 09:40:29.761  INFO 11592 --- [restartedMain] c.y.crm.facebook.admin.AdminApplication  : Started AdminApplication in 5.524 seconds (JVM running for 7.945)
2020-04-26 09:40:30.870  INFO 11592 --- [http-nio-8080-exec-3] o.a.c.c.C.[Tomcat].[localhost].[/]       : Initializing Spring DispatcherServlet 'dispatcherServlet'
2020-04-26 09:40:30.870  INFO 11592 --- [http-nio-8080-exec-3] o.s.web.servlet.DispatcherServlet        : Initializing Servlet 'dispatcherServlet'
2020-04-26 09:40:30.881  INFO 11592 --- [http-nio-8080-exec-3] o.s.web.servlet.DispatcherServlet        : Completed initialization in 10 ms
2020-04-26 09:40:30.920 DEBUG 11592 --- [http-nio-8080-exec-3] c.y.c.f.a.m.SysConfigMapper.selectList   : ==>  Preparing: SELECT id,code,name,value,status,remark,create_time FROM sys_config 
2020-04-26 09:40:30.920 DEBUG 11592 --- [http-nio-8080-exec-3] c.y.c.f.a.m.SysConfigMapper.selectList   : ==> Parameters: 
2020-04-26 09:40:30.930 DEBUG 11592 --- [http-nio-8080-exec-3] c.y.c.f.a.m.SysConfigMapper.selectList   : <==      Total: 6
2020-04-26 09:40:30.961 DEBUG 11592 --- [http-nio-8080-exec-2] c.y.c.f.a.m.ArticleMapper.selectPage     : ==>  Preparing: SELECT id,title,cover_picture,summary,content,status,create_time FROM article WHERE (status = ?) ORDER BY create_time DESC 
2020-04-26 09:40:30.962 DEBUG 11592 --- [http-nio-8080-exec-2] c.y.c.f.a.m.ArticleMapper.selectPage     : ==> Parameters: 1(Integer)
2020-04-26 09:40:30.975 DEBUG 11592 --- [http-nio-8080-exec-2] c.y.c.f.a.m.ArticleMapper.selectPage     : <==      Total: 2
2020-04-26 09:40:34.600 DEBUG 11592 --- [http-nio-8080-exec-7] c.y.c.f.a.m.ArticleMapper.selectPage     : ==>  Preparing: SELECT id,title,cover_picture,summary,content,status,create_time FROM article WHERE (status = ?) ORDER BY create_time DESC 
2020-04-26 09:40:34.601 DEBUG 11592 --- [http-nio-8080-exec-7] c.y.c.f.a.m.ArticleMapper.selectPage     : ==> Parameters: 1(Integer)
2020-04-26 09:40:34.611 DEBUG 11592 --- [http-nio-8080-exec-7] c.y.c.f.a.m.ArticleMapper.selectPage     : <==      Total: 2
2020-04-26 09:40:39.299 DEBUG 11592 --- [http-nio-8080-exec-8] c.y.c.f.a.m.ArticleMapper.selectPage     : ==>  Preparing: SELECT id,title,cover_picture,summary,content,status,create_time FROM article WHERE (status = ?) ORDER BY create_time DESC 
2020-04-26 09:40:39.300 DEBUG 11592 --- [http-nio-8080-exec-8] c.y.c.f.a.m.ArticleMapper.selectPage     : ==> Parameters: 1(Integer)
2020-04-26 09:40:39.309 DEBUG 11592 --- [http-nio-8080-exec-8] c.y.c.f.a.m.ArticleMapper.selectPage     : <==      Total: 2
2020-04-26 09:40:40.001 DEBUG 11592 --- [http-nio-8080-exec-9] c.y.c.f.a.m.SysConfigMapper.selectList   : ==>  Preparing: SELECT id,code,name,value,status,remark,create_time FROM sys_config 
2020-04-26 09:40:40.002 DEBUG 11592 --- [http-nio-8080-exec-9] c.y.c.f.a.m.SysConfigMapper.selectList   : ==> Parameters: 
2020-04-26 09:40:40.016 DEBUG 11592 --- [http-nio-8080-exec-9] c.y.c.f.a.m.SysConfigMapper.selectList   : <==      Total: 6
2020-04-26 09:40:42.531 DEBUG 11592 --- [http-nio-8080-exec-1] c.y.c.f.a.m.SysConfigMapper.selectList   : ==>  Preparing: SELECT id,code,name,value,status,remark,create_time FROM sys_config 
2020-04-26 09:40:42.532 DEBUG 11592 --- [http-nio-8080-exec-1] c.y.c.f.a.m.SysConfigMapper.selectList   : ==> Parameters: 
2020-04-26 09:40:42.541 DEBUG 11592 --- [http-nio-8080-exec-1] c.y.c.f.a.m.SysConfigMapper.selectList   : <==      Total: 6
2020-04-26 09:41:01.779 DEBUG 11592 --- [http-nio-8080-exec-5] c.y.c.f.a.m.SysConfigMapper.selectList   : ==>  Preparing: SELECT id,code,name,value,status,remark,create_time FROM sys_config 
2020-04-26 09:41:01.780 DEBUG 11592 --- [http-nio-8080-exec-5] c.y.c.f.a.m.SysConfigMapper.selectList   : ==> Parameters: 
2020-04-26 09:41:01.788 DEBUG 11592 --- [http-nio-8080-exec-5] c.y.c.f.a.m.SysConfigMapper.selectList   : <==      Total: 6
2020-04-26 09:41:08.373 DEBUG 11592 --- [http-nio-8080-exec-6] c.y.c.f.a.m.ArticleMapper.selectPage     : ==>  Preparing: SELECT id,title,cover_picture,summary,content,status,create_time FROM article WHERE (status = ?) ORDER BY create_time DESC 
2020-04-26 09:41:08.373 DEBUG 11592 --- [http-nio-8080-exec-6] c.y.c.f.a.m.ArticleMapper.selectPage     : ==> Parameters: 1(Integer)
2020-04-26 09:41:08.384 DEBUG 11592 --- [http-nio-8080-exec-6] c.y.c.f.a.m.ArticleMapper.selectPage     : <==      Total: 2
